Compiling the C compiler identification source file "CMakeCCompilerId.c" failed.
Compiler: /usr/bin/cc 
Build flags: 
Id flags:  

The output was:
1
/usr/bin/ld: cannot find Scrt1.o: No such file or directory
/usr/bin/ld: cannot find crti.o: No such file or directory
collect2: error: ld returned 1 exit status


Compiling the CXX compiler identification source file "CMakeCXXCompilerId.cpp" failed.
Compiler: CMAKE_CXX_COMPILER-NOTFOUND 
Build flags: 
Id flags:  

The output was:
No such file or directory


Compiling the CXX compiler identification source file "CMakeCXXCompilerId.cpp" failed.
Compiler: CMAKE_CXX_COMPILER-NOTFOUND 
Build flags: 
Id flags: -c 

The output was:
No such file or directory


Compiling the CXX compiler identification source file "CMakeCXXCompilerId.cpp" failed.
Compiler: CMAKE_CXX_COMPILER-NOTFOUND 
Build flags: 
Id flags: --c++ 

The output was:
No such file or directory


Compiling the CXX compiler identification source file "CMakeCXXCompilerId.cpp" failed.
Compiler: CMAKE_CXX_COMPILER-NOTFOUND 
Build flags: 
Id flags: --ec++ 

The output was:
No such file or directory


Compiling the CXX compiler identification source file "CMakeCXXCompilerId.cpp" failed.
Compiler: CMAKE_CXX_COMPILER-NOTFOUND 
Build flags: 
Id flags: --target=arm-arm-none-eabi;-mcpu=cortex-m3 

The output was:
No such file or directory


Compiling the CXX compiler identification source file "CMakeCXXCompilerId.cpp" failed.
Compiler: CMAKE_CXX_COMPILER-NOTFOUND 
Build flags: 
Id flags:  

The output was:
No such file or directory


Compiling the CXX compiler identification source file "CMakeCXXCompilerId.cpp" failed.
Compiler: CMAKE_CXX_COMPILER-NOTFOUND 
Build flags: 
Id flags: -c 

The output was:
No such file or directory


Compiling the CXX compiler identification source file "CMakeCXXCompilerId.cpp" failed.
Compiler: CMAKE_CXX_COMPILER-NOTFOUND 
Build flags: 
Id flags: --c++ 

The output was:
No such file or directory


Compiling the CXX compiler identification source file "CMakeCXXCompilerId.cpp" failed.
Compiler: CMAKE_CXX_COMPILER-NOTFOUND 
Build flags: 
Id flags: --ec++ 

The output was:
No such file or directory


Compiling the CXX compiler identification source file "CMakeCXXCompilerId.cpp" failed.
Compiler: CMAKE_CXX_COMPILER-NOTFOUND 
Build flags: 
Id flags: --target=arm-arm-none-eabi;-mcpu=cortex-m3 

The output was:
No such file or directory


Determining if the C compiler works failed with the following output:
Change Dir: /mnt/c/Users/qzm/Desktop/con-net/FTP_C-S/build/CMakeFiles/CMakeTmp

Run Build Command(s):/usr/bin/make cmTC_c4d6a/fast && /usr/bin/make -f CMakeFiles/cmTC_c4d6a.dir/build.make CMakeFiles/cmTC_c4d6a.dir/build
make[1]: Entering directory '/mnt/c/Users/qzm/Desktop/con-net/FTP_C-S/build/CMakeFiles/CMakeTmp'
Building C object CMakeFiles/cmTC_c4d6a.dir/testCCompiler.c.o
/usr/bin/cc    -o CMakeFiles/cmTC_c4d6a.dir/testCCompiler.c.o   -c /mnt/c/Users/qzm/Desktop/con-net/FTP_C-S/build/CMakeFiles/CMakeTmp/testCCompiler.c
Linking C executable cmTC_c4d6a
/usr/bin/cmake -E cmake_link_script CMakeFiles/cmTC_c4d6a.dir/link.txt --verbose=1
/usr/bin/cc      -rdynamic CMakeFiles/cmTC_c4d6a.dir/testCCompiler.c.o  -o cmTC_c4d6a 
/usr/bin/ld: cannot find Scrt1.o: No such file or directory
/usr/bin/ld: cannot find crti.o: No such file or directory
collect2: error: ld returned 1 exit status
make[1]: *** [CMakeFiles/cmTC_c4d6a.dir/build.make:87: cmTC_c4d6a] Error 1
make[1]: Leaving directory '/mnt/c/Users/qzm/Desktop/con-net/FTP_C-S/build/CMakeFiles/CMakeTmp'
make: *** [Makefile:121: cmTC_c4d6a/fast] Error 2



